<?xml version="1.0" encoding="UTF-8"?>
<!-- Generated by org.testng.reporters.JUnitReportReporter -->
<testsuite hostname="DESKTOP-3RT01RQ" failures="0" tests="1" name="com.test1.Amazonlist" time="4.022" errors="0" timestamp="2022-08-22T13:17:29 PDT" skipped="0">
  <testcase classname="com.test1.Amazonlist" name="amazonHovering" time="4.022"/>
  <system-out/>
</testsuite> <!-- com.test1.Amazonlist -->
