<?xml version="1.0" encoding="UTF-8"?>
<!-- Generated by org.testng.reporters.JUnitReportReporter -->
<testsuite hostname="DESKTOP-3RT01RQ" failures="0" tests="2" name="com.test.MultiTest" time="5.351" errors="0" timestamp="2022-08-22T13:17:29 PDT" skipped="0">
  <testcase classname="com.test.MultiTest" name="SelectDropDown" time="0.235"/>
  <system-out/>
  <testcase classname="com.test.MultiTest" name="AdvanceDropDown" time="5.116"/>
  <system-out/>
</testsuite> <!-- com.test.MultiTest -->
