<?xml version="1.0" encoding="UTF-8"?>
<!-- Generated by org.testng.reporters.JUnitReportReporter -->
<testsuite hostname="DESKTOP-3RT01RQ" failures="0" tests="1" name="com.test1.Alerthandling" time="12.600" errors="0" timestamp="2022-08-22T13:17:29 PDT" skipped="0">
  <testcase classname="com.test1.Alerthandling" name="alerts" time="12.600"/>
  <system-out/>
</testsuite> <!-- com.test1.Alerthandling -->
