<?xml version="1.0" encoding="UTF-8"?>
<!-- Generated by org.testng.reporters.JUnitReportReporter -->
<testsuite hostname="DESKTOP-3RT01RQ" failures="0" tests="1" name="com.test.MouseHavering" time="9.816" errors="0" timestamp="2022-08-22T13:32:05 PDT" skipped="0">
  <testcase classname="com.test.MouseHavering" name="Hovering" time="9.816"/>
  <system-out/>
</testsuite> <!-- com.test.MouseHavering -->
