<?xml version="1.0" encoding="UTF-8"?>
<!-- Generated by org.testng.reporters.JUnitReportReporter -->
<testsuite hostname="DESKTOP-3RT01RQ" failures="0" tests="2" name="com.test.MultiTest" time="8.840" errors="0" timestamp="2022-08-22T13:32:05 PDT" skipped="0">
  <testcase classname="com.test.MultiTest" name="AdvanceDropDown" time="8.365"/>
  <system-out/>
  <testcase classname="com.test.MultiTest" name="SelectDropDown" time="0.475"/>
  <system-out/>
</testsuite> <!-- com.test.MultiTest -->
