<?xml version="1.0" encoding="UTF-8"?>
<!-- Generated by org.testng.reporters.JUnitReportReporter -->
<testsuite hostname="DESKTOP-3RT01RQ" failures="0" tests="2" name="com.test.MultiTest" time="10.111" errors="0" timestamp="2022-08-22T13:40:21 PDT" skipped="0">
  <testcase classname="com.test.MultiTest" name="AdvanceDropDown" time="9.396"/>
  <system-out/>
  <testcase classname="com.test.MultiTest" name="SelectDropDown" time="0.715"/>
  <system-out/>
</testsuite> <!-- com.test.MultiTest -->
